<?xml version="1.0" encoding="UTF-8"?>
<testsuite xmlns:xsi="http://www.w3.org/2001/XMLSchema-instance" xsi:noNamespaceSchemaLocation="https://maven.apache.org/surefire/maven-surefire-plugin/xsd/surefire-test-report-3.0.xsd" version="3.0" name="temperature.TemperatureConverterTest" time="0.192" tests="3" errors="0" skipped="0" failures="0">
  <properties>
[...]
</properties>
  <testcase name="isExtremeTemperature" classname="temperature.TemperatureConverterTest" time="0.089"/>
  <testcase name="fahrenheitToCelsius" classname="temperature.TemperatureConverterTest" time="0.015"/>
  <testcase name="celsiusToFahrenheit" classname="temperature.TemperatureConverterTest" time="0.006"/>
</testsuite>